[0.616s] DEBUG:colcon:Command line arguments: ['/usr/local/bin/colcon', 'build']
[0.616s] DEBUG:colcon:Parsed command line arguments: Namespace(ament_cmake_args=None, base_paths='.', build_base='build', catkin_cmake_args=None, catkin_skip_building_tests=False, cmake_args=None, cmake_clean_cache=False, cmake_clean_first=False, cmake_force_configure=False, cmake_target=None, cmake_target_skip_unavailable=False, continue_on_error=False, event_handlers=None, executor='parallel', ignore_user_meta=False, install_base='install', log_base='log', log_level=None, main=<bound method BuildVerb.main of <colcon_core.verb.build.BuildVerb object at 0x7f996d2556d8>>, merge_install=False, metas='./colcon.meta', packages_above=None, packages_above_depth=None, packages_end=None, packages_ignore=None, packages_ignore_regex=None, packages_select=None, packages_select_build_failed=False, packages_select_by_dep=None, packages_select_regex=None, packages_select_test_failures=False, packages_skip=None, packages_skip_build_finished=False, packages_skip_by_dep=None, packages_skip_regex=None, packages_skip_test_passed=False, packages_skip_up_to=None, packages_start=None, packages_up_to=None, parallel_workers=2, paths=None, symlink_install=False, test_result_base=None, verb_extension=<colcon_core.verb.build.BuildVerb object at 0x7f996d2556d8>, verb_name='build', verb_parser=<colcon_defaults.argument_parser.defaults.DefaultArgumentsDecorator object at 0x7f996d1b1a20>)
[0.688s] Level 1:colcon.colcon_core.package_discovery:discover_packages(colcon_meta) check parameters
[0.688s] Level 1:colcon.colcon_core.package_discovery:discover_packages(recursive) check parameters
[0.688s] Level 1:colcon.colcon_core.package_discovery:discover_packages(ignore) check parameters
[0.688s] Level 1:colcon.colcon_core.package_discovery:discover_packages(path) check parameters
[0.688s] Level 1:colcon.colcon_core.package_discovery:discover_packages(recursive) discover
[0.689s] INFO:colcon.colcon_core.package_discovery:Crawling recursively for packages in '/home/ubuntu/environment/AWS-RoboMaker-HelloWorld-app/robot_ws'
[0.689s] Level 1:colcon.colcon_core.package_identification:_identify(/home/ubuntu/environment/AWS-RoboMaker-HelloWorld-app/robot_ws) by extensions ['ignore', 'ignore_ament_install']
[0.689s] Level 1:colcon.colcon_core.package_identification:_identify(/home/ubuntu/environment/AWS-RoboMaker-HelloWorld-app/robot_ws) by extension 'ignore'
[0.689s] Level 1:colcon.colcon_core.package_identification:_identify(/home/ubuntu/environment/AWS-RoboMaker-HelloWorld-app/robot_ws) by extension 'ignore_ament_install'
[0.689s] Level 1:colcon.colcon_core.package_identification:_identify(/home/ubuntu/environment/AWS-RoboMaker-HelloWorld-app/robot_ws) by extensions ['colcon_pkg']
[0.689s] Level 1:colcon.colcon_core.package_identification:_identify(/home/ubuntu/environment/AWS-RoboMaker-HelloWorld-app/robot_ws) by extension 'colcon_pkg'
[0.690s] Level 1:colcon.colcon_core.package_identification:_identify(/home/ubuntu/environment/AWS-RoboMaker-HelloWorld-app/robot_ws) by extensions ['colcon_meta']
[0.690s] Level 1:colcon.colcon_core.package_identification:_identify(/home/ubuntu/environment/AWS-RoboMaker-HelloWorld-app/robot_ws) by extension 'colcon_meta'
[0.690s] Level 1:colcon.colcon_core.package_identification:_identify(/home/ubuntu/environment/AWS-RoboMaker-HelloWorld-app/robot_ws) by extensions ['ros']
[0.690s] Level 1:colcon.colcon_core.package_identification:_identify(/home/ubuntu/environment/AWS-RoboMaker-HelloWorld-app/robot_ws) by extension 'ros'
[0.705s] Level 1:colcon.colcon_core.package_identification:_identify(/home/ubuntu/environment/AWS-RoboMaker-HelloWorld-app/robot_ws) by extensions ['cmake', 'python']
[0.706s] Level 1:colcon.colcon_core.package_identification:_identify(/home/ubuntu/environment/AWS-RoboMaker-HelloWorld-app/robot_ws) by extension 'cmake'
[0.706s] Level 1:colcon.colcon_core.package_identification:_identify(/home/ubuntu/environment/AWS-RoboMaker-HelloWorld-app/robot_ws) by extension 'python'
[0.706s] Level 1:colcon.colcon_core.package_identification:_identify(/home/ubuntu/environment/AWS-RoboMaker-HelloWorld-app/robot_ws) by extensions ['python_setup_py']
[0.706s] Level 1:colcon.colcon_core.package_identification:_identify(/home/ubuntu/environment/AWS-RoboMaker-HelloWorld-app/robot_ws) by extension 'python_setup_py'
[0.706s] Level 1:colcon.colcon_core.package_identification:_identify(/home/ubuntu/environment/AWS-RoboMaker-HelloWorld-app/robot_ws/build) by extensions ['ignore', 'ignore_ament_install']
[0.706s] Level 1:colcon.colcon_core.package_identification:_identify(/home/ubuntu/environment/AWS-RoboMaker-HelloWorld-app/robot_ws/build) by extension 'ignore'
[0.707s] Level 1:colcon.colcon_core.package_identification:_identify(/home/ubuntu/environment/AWS-RoboMaker-HelloWorld-app/robot_ws/build) ignored
[0.707s] Level 1:colcon.colcon_core.package_identification:_identify(/home/ubuntu/environment/AWS-RoboMaker-HelloWorld-app/robot_ws/install) by extensions ['ignore', 'ignore_ament_install']
[0.707s] Level 1:colcon.colcon_core.package_identification:_identify(/home/ubuntu/environment/AWS-RoboMaker-HelloWorld-app/robot_ws/install) by extension 'ignore'
[0.707s] Level 1:colcon.colcon_core.package_identification:_identify(/home/ubuntu/environment/AWS-RoboMaker-HelloWorld-app/robot_ws/install) ignored
[0.707s] Level 1:colcon.colcon_core.package_identification:_identify(/home/ubuntu/environment/AWS-RoboMaker-HelloWorld-app/robot_ws/log) by extensions ['ignore', 'ignore_ament_install']
[0.707s] Level 1:colcon.colcon_core.package_identification:_identify(/home/ubuntu/environment/AWS-RoboMaker-HelloWorld-app/robot_ws/log) by extension 'ignore'
[0.707s] Level 1:colcon.colcon_core.package_identification:_identify(/home/ubuntu/environment/AWS-RoboMaker-HelloWorld-app/robot_ws/log) ignored
[0.708s] Level 1:colcon.colcon_core.package_identification:_identify(/home/ubuntu/environment/AWS-RoboMaker-HelloWorld-app/robot_ws/src) by extensions ['ignore', 'ignore_ament_install']
[0.708s] Level 1:colcon.colcon_core.package_identification:_identify(/home/ubuntu/environment/AWS-RoboMaker-HelloWorld-app/robot_ws/src) by extension 'ignore'
[0.708s] Level 1:colcon.colcon_core.package_identification:_identify(/home/ubuntu/environment/AWS-RoboMaker-HelloWorld-app/robot_ws/src) by extension 'ignore_ament_install'
[0.708s] Level 1:colcon.colcon_core.package_identification:_identify(/home/ubuntu/environment/AWS-RoboMaker-HelloWorld-app/robot_ws/src) by extensions ['colcon_pkg']
[0.708s] Level 1:colcon.colcon_core.package_identification:_identify(/home/ubuntu/environment/AWS-RoboMaker-HelloWorld-app/robot_ws/src) by extension 'colcon_pkg'
[0.708s] Level 1:colcon.colcon_core.package_identification:_identify(/home/ubuntu/environment/AWS-RoboMaker-HelloWorld-app/robot_ws/src) by extensions ['colcon_meta']
[0.708s] Level 1:colcon.colcon_core.package_identification:_identify(/home/ubuntu/environment/AWS-RoboMaker-HelloWorld-app/robot_ws/src) by extension 'colcon_meta'
[0.708s] Level 1:colcon.colcon_core.package_identification:_identify(/home/ubuntu/environment/AWS-RoboMaker-HelloWorld-app/robot_ws/src) by extensions ['ros']
[0.709s] Level 1:colcon.colcon_core.package_identification:_identify(/home/ubuntu/environment/AWS-RoboMaker-HelloWorld-app/robot_ws/src) by extension 'ros'
[0.709s] Level 1:colcon.colcon_core.package_identification:_identify(/home/ubuntu/environment/AWS-RoboMaker-HelloWorld-app/robot_ws/src) by extensions ['cmake', 'python']
[0.709s] Level 1:colcon.colcon_core.package_identification:_identify(/home/ubuntu/environment/AWS-RoboMaker-HelloWorld-app/robot_ws/src) by extension 'cmake'
[0.709s] Level 1:colcon.colcon_core.package_identification:_identify(/home/ubuntu/environment/AWS-RoboMaker-HelloWorld-app/robot_ws/src) by extension 'python'
[0.709s] Level 1:colcon.colcon_core.package_identification:_identify(/home/ubuntu/environment/AWS-RoboMaker-HelloWorld-app/robot_ws/src) by extensions ['python_setup_py']
[0.709s] Level 1:colcon.colcon_core.package_identification:_identify(/home/ubuntu/environment/AWS-RoboMaker-HelloWorld-app/robot_ws/src) by extension 'python_setup_py'
[0.709s] Level 1:colcon.colcon_core.package_identification:_identify(/home/ubuntu/environment/AWS-RoboMaker-HelloWorld-app/robot_ws/src/hello_world_robot) by extensions ['ignore', 'ignore_ament_install']
[0.710s] Level 1:colcon.colcon_core.package_identification:_identify(/home/ubuntu/environment/AWS-RoboMaker-HelloWorld-app/robot_ws/src/hello_world_robot) by extension 'ignore'
[0.710s] Level 1:colcon.colcon_core.package_identification:_identify(/home/ubuntu/environment/AWS-RoboMaker-HelloWorld-app/robot_ws/src/hello_world_robot) by extension 'ignore_ament_install'
[0.710s] Level 1:colcon.colcon_core.package_identification:_identify(/home/ubuntu/environment/AWS-RoboMaker-HelloWorld-app/robot_ws/src/hello_world_robot) by extensions ['colcon_pkg']
[0.710s] Level 1:colcon.colcon_core.package_identification:_identify(/home/ubuntu/environment/AWS-RoboMaker-HelloWorld-app/robot_ws/src/hello_world_robot) by extension 'colcon_pkg'
[0.710s] Level 1:colcon.colcon_core.package_identification:_identify(/home/ubuntu/environment/AWS-RoboMaker-HelloWorld-app/robot_ws/src/hello_world_robot) by extensions ['colcon_meta']
[0.710s] Level 1:colcon.colcon_core.package_identification:_identify(/home/ubuntu/environment/AWS-RoboMaker-HelloWorld-app/robot_ws/src/hello_world_robot) by extension 'colcon_meta'
[0.710s] Level 1:colcon.colcon_core.package_identification:_identify(/home/ubuntu/environment/AWS-RoboMaker-HelloWorld-app/robot_ws/src/hello_world_robot) by extensions ['ros']
[0.710s] Level 1:colcon.colcon_core.package_identification:_identify(/home/ubuntu/environment/AWS-RoboMaker-HelloWorld-app/robot_ws/src/hello_world_robot) by extension 'ros'
[0.715s] DEBUG:colcon.colcon_core.package_identification:Package '/home/ubuntu/environment/AWS-RoboMaker-HelloWorld-app/robot_ws/src/hello_world_robot' with type 'ros.catkin' and name 'hello_world_robot'
[0.715s] Level 1:colcon.colcon_core.package_discovery:discover_packages(recursive) using defaults
[0.746s] Level 5:colcon.colcon_core.verb:set package 'hello_world_robot' build argument 'cmake_args' from command line to 'None'
[0.746s] Level 5:colcon.colcon_core.verb:set package 'hello_world_robot' build argument 'cmake_target' from command line to 'None'
[0.746s] Level 5:colcon.colcon_core.verb:set package 'hello_world_robot' build argument 'cmake_target_skip_unavailable' from command line to 'False'
[0.746s] Level 5:colcon.colcon_core.verb:set package 'hello_world_robot' build argument 'cmake_clean_cache' from command line to 'False'
[0.747s] Level 5:colcon.colcon_core.verb:set package 'hello_world_robot' build argument 'cmake_clean_first' from command line to 'False'
[0.747s] Level 5:colcon.colcon_core.verb:set package 'hello_world_robot' build argument 'cmake_force_configure' from command line to 'False'
[0.747s] Level 5:colcon.colcon_core.verb:set package 'hello_world_robot' build argument 'ament_cmake_args' from command line to 'None'
[0.747s] Level 5:colcon.colcon_core.verb:set package 'hello_world_robot' build argument 'catkin_cmake_args' from command line to 'None'
[0.747s] Level 5:colcon.colcon_core.verb:set package 'hello_world_robot' build argument 'catkin_skip_building_tests' from command line to 'False'
[0.747s] DEBUG:colcon.colcon_core.verb:Building package 'hello_world_robot' with the following arguments: {'ament_cmake_args': None, 'build_base': '/home/ubuntu/environment/AWS-RoboMaker-HelloWorld-app/robot_ws/build/hello_world_robot', 'catkin_cmake_args': None, 'catkin_skip_building_tests': False, 'cmake_args': None, 'cmake_clean_cache': False, 'cmake_clean_first': False, 'cmake_force_configure': False, 'cmake_target': None, 'cmake_target_skip_unavailable': False, 'install_base': '/home/ubuntu/environment/AWS-RoboMaker-HelloWorld-app/robot_ws/install/hello_world_robot', 'merge_install': False, 'path': '/home/ubuntu/environment/AWS-RoboMaker-HelloWorld-app/robot_ws/src/hello_world_robot', 'symlink_install': False, 'test_result_base': None}
[0.770s] INFO:colcon.colcon_core.executor:Executing jobs using 'parallel' executor
[0.771s] DEBUG:colcon.colcon_parallel_executor.executor.parallel:run_until_complete
[0.771s] INFO:colcon.colcon_ros.task.catkin.build:Building ROS package in '/home/ubuntu/environment/AWS-RoboMaker-HelloWorld-app/robot_ws/src/hello_world_robot' with build type 'catkin'
[0.772s] INFO:colcon.colcon_cmake.task.cmake.build:Building CMake package in '/home/ubuntu/environment/AWS-RoboMaker-HelloWorld-app/robot_ws/src/hello_world_robot'
[0.785s] INFO:colcon.colcon_core.plugin_system:Skipping extension 'colcon_core.shell.bat': Not used on non-Windows systems
[0.786s] INFO:colcon.colcon_core.shell:Skip shell extension 'powershell' for command environment: Not usable outside of PowerShell
[0.793s] WARNING:colcon.colcon_ros.prefix_path.catkin:The path '/opt/ros/kinetic' in the environment variable CMAKE_PREFIX_PATH seems to be a catkin workspace but it doesn't contain any 'local_setup.*' files. Maybe the catkin version is not up-to-date?
[0.807s] DEBUG:colcon.colcon_core.event_handler.log_command:Invoking command in '/home/ubuntu/environment/AWS-RoboMaker-HelloWorld-app/robot_ws/build/hello_world_robot': /usr/bin/cmake --build /home/ubuntu/environment/AWS-RoboMaker-HelloWorld-app/robot_ws/build/hello_world_robot -- -j2 -l2
[1.740s] DEBUG:colcon.colcon_core.event_handler.log_command:Invoked command in '/home/ubuntu/environment/AWS-RoboMaker-HelloWorld-app/robot_ws/build/hello_world_robot' returned '0': /usr/bin/cmake --build /home/ubuntu/environment/AWS-RoboMaker-HelloWorld-app/robot_ws/build/hello_world_robot -- -j2 -l2
[1.775s] DEBUG:colcon.colcon_core.event_handler.log_command:Invoking command in '/home/ubuntu/environment/AWS-RoboMaker-HelloWorld-app/robot_ws/build/hello_world_robot': /usr/bin/cmake --build /home/ubuntu/environment/AWS-RoboMaker-HelloWorld-app/robot_ws/build/hello_world_robot --target tests -- -j2 -l2
[1.836s] DEBUG:colcon.colcon_core.event_handler.log_command:Invoked command in '/home/ubuntu/environment/AWS-RoboMaker-HelloWorld-app/robot_ws/build/hello_world_robot' returned '0': /usr/bin/cmake --build /home/ubuntu/environment/AWS-RoboMaker-HelloWorld-app/robot_ws/build/hello_world_robot --target tests -- -j2 -l2
[1.874s] DEBUG:colcon.colcon_core.event_handler.log_command:Invoking command in '/home/ubuntu/environment/AWS-RoboMaker-HelloWorld-app/robot_ws/build/hello_world_robot': /usr/bin/cmake --build /home/ubuntu/environment/AWS-RoboMaker-HelloWorld-app/robot_ws/build/hello_world_robot --target install
[1.964s] Level 1:colcon.colcon_core.shell:create_environment_hook('hello_world_robot', 'ros_package_path')
[1.973s] INFO:colcon.colcon_core.shell:Creating environment hook '/home/ubuntu/environment/AWS-RoboMaker-HelloWorld-app/robot_ws/install/hello_world_robot/share/hello_world_robot/hook/ros_package_path.ps1'
[1.975s] INFO:colcon.colcon_core.shell:Creating environment hook '/home/ubuntu/environment/AWS-RoboMaker-HelloWorld-app/robot_ws/install/hello_world_robot/share/hello_world_robot/hook/ros_package_path.sh'
[1.977s] Level 1:colcon.colcon_ros.task.catkin:checking '/home/ubuntu/environment/AWS-RoboMaker-HelloWorld-app/robot_ws/install/hello_world_robot/lib/python2.7/dist-packages'
[1.977s] Level 1:colcon.colcon_core.shell:create_environment_hook('hello_world_robot', 'python2path')
[1.982s] DEBUG:colcon.colcon_core.event_handler.log_command:Invoked command in '/home/ubuntu/environment/AWS-RoboMaker-HelloWorld-app/robot_ws/build/hello_world_robot' returned '2': /usr/bin/cmake --build /home/ubuntu/environment/AWS-RoboMaker-HelloWorld-app/robot_ws/build/hello_world_robot --target install
[1.985s] INFO:colcon.colcon_core.shell:Creating environment hook '/home/ubuntu/environment/AWS-RoboMaker-HelloWorld-app/robot_ws/install/hello_world_robot/share/hello_world_robot/hook/python2path.ps1'
[1.987s] INFO:colcon.colcon_core.shell:Creating environment hook '/home/ubuntu/environment/AWS-RoboMaker-HelloWorld-app/robot_ws/install/hello_world_robot/share/hello_world_robot/hook/python2path.sh'
[1.987s] Level 1:colcon.colcon_ros.task.catkin:checking '/home/ubuntu/environment/AWS-RoboMaker-HelloWorld-app/robot_ws/install/hello_world_robot/lib/python2.7/site-packages'
[1.997s] Level 1:colcon.colcon_core.environment:create_environment_scripts_only(hello_world_robot)
[2.010s] Level 1:colcon.colcon_core.environment:checking '/home/ubuntu/environment/AWS-RoboMaker-HelloWorld-app/robot_ws/install/hello_world_robot' for CMake module files
[2.010s] Level 1:colcon.colcon_core.environment:checking '/home/ubuntu/environment/AWS-RoboMaker-HelloWorld-app/robot_ws/install/hello_world_robot' for CMake config files
[2.011s] Level 1:colcon.colcon_core.environment:checking '/home/ubuntu/environment/AWS-RoboMaker-HelloWorld-app/robot_ws/install/hello_world_robot/lib'
[2.012s] Level 1:colcon.colcon_core.environment:checking '/home/ubuntu/environment/AWS-RoboMaker-HelloWorld-app/robot_ws/install/hello_world_robot/bin'
[2.012s] Level 1:colcon.colcon_core.environment:checking '/home/ubuntu/environment/AWS-RoboMaker-HelloWorld-app/robot_ws/install/hello_world_robot/lib/pkgconfig/hello_world_robot.pc'
[2.012s] Level 1:colcon.colcon_core.environment:checking '/home/ubuntu/environment/AWS-RoboMaker-HelloWorld-app/robot_ws/install/hello_world_robot/lib/python3.5/site-packages'
[2.020s] INFO:colcon.colcon_core.shell:Creating package script '/home/ubuntu/environment/AWS-RoboMaker-HelloWorld-app/robot_ws/install/hello_world_robot/share/hello_world_robot/package.ps1'
[2.021s] INFO:colcon.colcon_core.shell:Creating package script '/home/ubuntu/environment/AWS-RoboMaker-HelloWorld-app/robot_ws/install/hello_world_robot/share/hello_world_robot/package.sh'
[2.022s] INFO:colcon.colcon_core.shell:Creating package script '/home/ubuntu/environment/AWS-RoboMaker-HelloWorld-app/robot_ws/install/hello_world_robot/share/hello_world_robot/package.bash'
[2.023s] INFO:colcon.colcon_core.shell:Creating package script '/home/ubuntu/environment/AWS-RoboMaker-HelloWorld-app/robot_ws/install/hello_world_robot/share/hello_world_robot/package.zsh'
[2.024s] Level 1:colcon.colcon_core.environment:create_file_with_runtime_dependencies(/home/ubuntu/environment/AWS-RoboMaker-HelloWorld-app/robot_ws/install/hello_world_robot/share/colcon-core/packages/hello_world_robot)
[2.035s] DEBUG:colcon.colcon_parallel_executor.executor.parallel:closing loop
[2.036s] DEBUG:colcon.colcon_parallel_executor.executor.parallel:loop closed
[2.036s] DEBUG:colcon.colcon_parallel_executor.executor.parallel:run_until_complete finished with '2'
[2.036s] DEBUG:colcon.colcon_core.event_reactor:joining thread
[2.044s] INFO:colcon.colcon_core.plugin_system:Skipping extension 'colcon_notification.desktop_notification.win32': Not used on non-Windows systems
[2.045s] INFO:colcon.colcon_core.plugin_system:Skipping extension 'colcon_notification.desktop_notification.notify_send': Could not find 'notify-send'
[2.050s] INFO:colcon.colcon_core.plugin_system:Skipping extension 'colcon_notification.desktop_notification.terminal_notifier': Not used on non-Darwin systems
[2.050s] INFO:colcon.colcon_notification.desktop_notification:Sending desktop notification using 'notify2'
[2.050s] DEBUG:colcon.colcon_notification.desktop_notification.notify2:Failed to initialize notify2: org.freedesktop.DBus.Error.NotSupported: Unable to autolaunch a dbus-daemon without a $DISPLAY for X11
[2.050s] DEBUG:colcon.colcon_core.event_reactor:joined thread
[2.058s] INFO:colcon.colcon_core.shell:Creating prefix script '/home/ubuntu/environment/AWS-RoboMaker-HelloWorld-app/robot_ws/install/local_setup.ps1'
[2.060s] INFO:colcon.colcon_core.shell:Creating prefix chain script '/home/ubuntu/environment/AWS-RoboMaker-HelloWorld-app/robot_ws/install/setup.ps1'
[2.067s] INFO:colcon.colcon_core.shell:Creating prefix script '/home/ubuntu/environment/AWS-RoboMaker-HelloWorld-app/robot_ws/install/local_setup.sh'
[2.068s] INFO:colcon.colcon_core.shell:Creating prefix chain script '/home/ubuntu/environment/AWS-RoboMaker-HelloWorld-app/robot_ws/install/setup.sh'
[2.076s] INFO:colcon.colcon_core.shell:Creating prefix script '/home/ubuntu/environment/AWS-RoboMaker-HelloWorld-app/robot_ws/install/local_setup.bash'
[2.077s] INFO:colcon.colcon_core.shell:Creating prefix chain script '/home/ubuntu/environment/AWS-RoboMaker-HelloWorld-app/robot_ws/install/setup.bash'
[2.084s] INFO:colcon.colcon_core.shell:Creating prefix script '/home/ubuntu/environment/AWS-RoboMaker-HelloWorld-app/robot_ws/install/local_setup.zsh'
[2.085s] INFO:colcon.colcon_core.shell:Creating prefix chain script '/home/ubuntu/environment/AWS-RoboMaker-HelloWorld-app/robot_ws/install/setup.zsh'
