[1.378s] DEBUG:colcon:Command line arguments: ['/usr/local/bin/colcon', 'build']
[1.378s] DEBUG:colcon:Parsed command line arguments: Namespace(ament_cmake_args=None, base_paths='.', build_base='build', catkin_cmake_args=None, catkin_skip_building_tests=False, cmake_args=None, cmake_clean_cache=False, cmake_clean_first=False, cmake_force_configure=False, cmake_target=None, cmake_target_skip_unavailable=False, continue_on_error=False, event_handlers=None, executor='parallel', ignore_user_meta=False, install_base='install', log_base='log', log_level=None, main=<bound method BuildVerb.main of <colcon_core.verb.build.BuildVerb object at 0x7fb29a309128>>, merge_install=False, metas='./colcon.meta', packages_above=None, packages_above_depth=None, packages_end=None, packages_ignore=None, packages_ignore_regex=None, packages_select=None, packages_select_build_failed=False, packages_select_by_dep=None, packages_select_regex=None, packages_select_test_failures=False, packages_skip=None, packages_skip_build_finished=False, packages_skip_by_dep=None, packages_skip_regex=None, packages_skip_test_passed=False, packages_skip_up_to=None, packages_start=None, packages_up_to=None, parallel_workers=2, paths=None, symlink_install=False, test_result_base=None, verb_extension=<colcon_core.verb.build.BuildVerb object at 0x7fb29a309128>, verb_name='build', verb_parser=<colcon_defaults.argument_parser.defaults.DefaultArgumentsDecorator object at 0x7fb29a3094e0>)
[1.680s] Level 1:colcon.colcon_core.package_discovery:discover_packages(colcon_meta) check parameters
[1.680s] Level 1:colcon.colcon_core.package_discovery:discover_packages(recursive) check parameters
[1.681s] Level 1:colcon.colcon_core.package_discovery:discover_packages(ignore) check parameters
[1.681s] Level 1:colcon.colcon_core.package_discovery:discover_packages(path) check parameters
[1.681s] Level 1:colcon.colcon_core.package_discovery:discover_packages(recursive) discover
[1.681s] INFO:colcon.colcon_core.package_discovery:Crawling recursively for packages in '/home/ubuntu/environment/AWS-RoboMaker-HelloWorld-app/robot_ws'
[1.681s] Level 1:colcon.colcon_core.package_identification:_identify(/home/ubuntu/environment/AWS-RoboMaker-HelloWorld-app/robot_ws) by extensions ['ignore', 'ignore_ament_install']
[1.681s] Level 1:colcon.colcon_core.package_identification:_identify(/home/ubuntu/environment/AWS-RoboMaker-HelloWorld-app/robot_ws) by extension 'ignore'
[1.681s] Level 1:colcon.colcon_core.package_identification:_identify(/home/ubuntu/environment/AWS-RoboMaker-HelloWorld-app/robot_ws) by extension 'ignore_ament_install'
[1.682s] Level 1:colcon.colcon_core.package_identification:_identify(/home/ubuntu/environment/AWS-RoboMaker-HelloWorld-app/robot_ws) by extensions ['colcon_pkg']
[1.682s] Level 1:colcon.colcon_core.package_identification:_identify(/home/ubuntu/environment/AWS-RoboMaker-HelloWorld-app/robot_ws) by extension 'colcon_pkg'
[1.682s] Level 1:colcon.colcon_core.package_identification:_identify(/home/ubuntu/environment/AWS-RoboMaker-HelloWorld-app/robot_ws) by extensions ['colcon_meta']
[1.682s] Level 1:colcon.colcon_core.package_identification:_identify(/home/ubuntu/environment/AWS-RoboMaker-HelloWorld-app/robot_ws) by extension 'colcon_meta'
[1.682s] Level 1:colcon.colcon_core.package_identification:_identify(/home/ubuntu/environment/AWS-RoboMaker-HelloWorld-app/robot_ws) by extensions ['ros']
[1.682s] Level 1:colcon.colcon_core.package_identification:_identify(/home/ubuntu/environment/AWS-RoboMaker-HelloWorld-app/robot_ws) by extension 'ros'
[1.698s] Level 1:colcon.colcon_core.package_identification:_identify(/home/ubuntu/environment/AWS-RoboMaker-HelloWorld-app/robot_ws) by extensions ['cmake', 'python']
[1.698s] Level 1:colcon.colcon_core.package_identification:_identify(/home/ubuntu/environment/AWS-RoboMaker-HelloWorld-app/robot_ws) by extension 'cmake'
[1.699s] Level 1:colcon.colcon_core.package_identification:_identify(/home/ubuntu/environment/AWS-RoboMaker-HelloWorld-app/robot_ws) by extension 'python'
[1.699s] Level 1:colcon.colcon_core.package_identification:_identify(/home/ubuntu/environment/AWS-RoboMaker-HelloWorld-app/robot_ws) by extensions ['python_setup_py']
[1.699s] Level 1:colcon.colcon_core.package_identification:_identify(/home/ubuntu/environment/AWS-RoboMaker-HelloWorld-app/robot_ws) by extension 'python_setup_py'
[1.699s] Level 1:colcon.colcon_core.package_identification:_identify(/home/ubuntu/environment/AWS-RoboMaker-HelloWorld-app/robot_ws/build) by extensions ['ignore', 'ignore_ament_install']
[1.699s] Level 1:colcon.colcon_core.package_identification:_identify(/home/ubuntu/environment/AWS-RoboMaker-HelloWorld-app/robot_ws/build) by extension 'ignore'
[1.699s] Level 1:colcon.colcon_core.package_identification:_identify(/home/ubuntu/environment/AWS-RoboMaker-HelloWorld-app/robot_ws/build) ignored
[1.699s] Level 1:colcon.colcon_core.package_identification:_identify(/home/ubuntu/environment/AWS-RoboMaker-HelloWorld-app/robot_ws/install) by extensions ['ignore', 'ignore_ament_install']
[1.700s] Level 1:colcon.colcon_core.package_identification:_identify(/home/ubuntu/environment/AWS-RoboMaker-HelloWorld-app/robot_ws/install) by extension 'ignore'
[1.700s] Level 1:colcon.colcon_core.package_identification:_identify(/home/ubuntu/environment/AWS-RoboMaker-HelloWorld-app/robot_ws/install) ignored
[1.700s] Level 1:colcon.colcon_core.package_identification:_identify(/home/ubuntu/environment/AWS-RoboMaker-HelloWorld-app/robot_ws/log) by extensions ['ignore', 'ignore_ament_install']
[1.700s] Level 1:colcon.colcon_core.package_identification:_identify(/home/ubuntu/environment/AWS-RoboMaker-HelloWorld-app/robot_ws/log) by extension 'ignore'
[1.700s] Level 1:colcon.colcon_core.package_identification:_identify(/home/ubuntu/environment/AWS-RoboMaker-HelloWorld-app/robot_ws/log) ignored
[1.700s] Level 1:colcon.colcon_core.package_identification:_identify(/home/ubuntu/environment/AWS-RoboMaker-HelloWorld-app/robot_ws/src) by extensions ['ignore', 'ignore_ament_install']
[1.700s] Level 1:colcon.colcon_core.package_identification:_identify(/home/ubuntu/environment/AWS-RoboMaker-HelloWorld-app/robot_ws/src) by extension 'ignore'
[1.701s] Level 1:colcon.colcon_core.package_identification:_identify(/home/ubuntu/environment/AWS-RoboMaker-HelloWorld-app/robot_ws/src) by extension 'ignore_ament_install'
[1.701s] Level 1:colcon.colcon_core.package_identification:_identify(/home/ubuntu/environment/AWS-RoboMaker-HelloWorld-app/robot_ws/src) by extensions ['colcon_pkg']
[1.701s] Level 1:colcon.colcon_core.package_identification:_identify(/home/ubuntu/environment/AWS-RoboMaker-HelloWorld-app/robot_ws/src) by extension 'colcon_pkg'
[1.701s] Level 1:colcon.colcon_core.package_identification:_identify(/home/ubuntu/environment/AWS-RoboMaker-HelloWorld-app/robot_ws/src) by extensions ['colcon_meta']
[1.701s] Level 1:colcon.colcon_core.package_identification:_identify(/home/ubuntu/environment/AWS-RoboMaker-HelloWorld-app/robot_ws/src) by extension 'colcon_meta'
[1.701s] Level 1:colcon.colcon_core.package_identification:_identify(/home/ubuntu/environment/AWS-RoboMaker-HelloWorld-app/robot_ws/src) by extensions ['ros']
[1.701s] Level 1:colcon.colcon_core.package_identification:_identify(/home/ubuntu/environment/AWS-RoboMaker-HelloWorld-app/robot_ws/src) by extension 'ros'
[1.701s] Level 1:colcon.colcon_core.package_identification:_identify(/home/ubuntu/environment/AWS-RoboMaker-HelloWorld-app/robot_ws/src) by extensions ['cmake', 'python']
[1.702s] Level 1:colcon.colcon_core.package_identification:_identify(/home/ubuntu/environment/AWS-RoboMaker-HelloWorld-app/robot_ws/src) by extension 'cmake'
[1.702s] Level 1:colcon.colcon_core.package_identification:_identify(/home/ubuntu/environment/AWS-RoboMaker-HelloWorld-app/robot_ws/src) by extension 'python'
[1.702s] Level 1:colcon.colcon_core.package_identification:_identify(/home/ubuntu/environment/AWS-RoboMaker-HelloWorld-app/robot_ws/src) by extensions ['python_setup_py']
[1.702s] Level 1:colcon.colcon_core.package_identification:_identify(/home/ubuntu/environment/AWS-RoboMaker-HelloWorld-app/robot_ws/src) by extension 'python_setup_py'
[1.702s] Level 1:colcon.colcon_core.package_identification:_identify(/home/ubuntu/environment/AWS-RoboMaker-HelloWorld-app/robot_ws/src/hello_world_robot) by extensions ['ignore', 'ignore_ament_install']
[1.702s] Level 1:colcon.colcon_core.package_identification:_identify(/home/ubuntu/environment/AWS-RoboMaker-HelloWorld-app/robot_ws/src/hello_world_robot) by extension 'ignore'
[1.702s] Level 1:colcon.colcon_core.package_identification:_identify(/home/ubuntu/environment/AWS-RoboMaker-HelloWorld-app/robot_ws/src/hello_world_robot) by extension 'ignore_ament_install'
[1.703s] Level 1:colcon.colcon_core.package_identification:_identify(/home/ubuntu/environment/AWS-RoboMaker-HelloWorld-app/robot_ws/src/hello_world_robot) by extensions ['colcon_pkg']
[1.703s] Level 1:colcon.colcon_core.package_identification:_identify(/home/ubuntu/environment/AWS-RoboMaker-HelloWorld-app/robot_ws/src/hello_world_robot) by extension 'colcon_pkg'
[1.703s] Level 1:colcon.colcon_core.package_identification:_identify(/home/ubuntu/environment/AWS-RoboMaker-HelloWorld-app/robot_ws/src/hello_world_robot) by extensions ['colcon_meta']
[1.703s] Level 1:colcon.colcon_core.package_identification:_identify(/home/ubuntu/environment/AWS-RoboMaker-HelloWorld-app/robot_ws/src/hello_world_robot) by extension 'colcon_meta'
[1.703s] Level 1:colcon.colcon_core.package_identification:_identify(/home/ubuntu/environment/AWS-RoboMaker-HelloWorld-app/robot_ws/src/hello_world_robot) by extensions ['ros']
[1.703s] Level 1:colcon.colcon_core.package_identification:_identify(/home/ubuntu/environment/AWS-RoboMaker-HelloWorld-app/robot_ws/src/hello_world_robot) by extension 'ros'
[1.707s] DEBUG:colcon.colcon_core.package_identification:Package '/home/ubuntu/environment/AWS-RoboMaker-HelloWorld-app/robot_ws/src/hello_world_robot' with type 'ros.catkin' and name 'hello_world_robot'
[1.707s] Level 1:colcon.colcon_core.package_discovery:discover_packages(recursive) using defaults
[1.742s] Level 5:colcon.colcon_core.verb:set package 'hello_world_robot' build argument 'cmake_args' from command line to 'None'
[1.742s] Level 5:colcon.colcon_core.verb:set package 'hello_world_robot' build argument 'cmake_target' from command line to 'None'
[1.742s] Level 5:colcon.colcon_core.verb:set package 'hello_world_robot' build argument 'cmake_target_skip_unavailable' from command line to 'False'
[1.742s] Level 5:colcon.colcon_core.verb:set package 'hello_world_robot' build argument 'cmake_clean_cache' from command line to 'False'
[1.742s] Level 5:colcon.colcon_core.verb:set package 'hello_world_robot' build argument 'cmake_clean_first' from command line to 'False'
[1.742s] Level 5:colcon.colcon_core.verb:set package 'hello_world_robot' build argument 'cmake_force_configure' from command line to 'False'
[1.742s] Level 5:colcon.colcon_core.verb:set package 'hello_world_robot' build argument 'ament_cmake_args' from command line to 'None'
[1.742s] Level 5:colcon.colcon_core.verb:set package 'hello_world_robot' build argument 'catkin_cmake_args' from command line to 'None'
[1.742s] Level 5:colcon.colcon_core.verb:set package 'hello_world_robot' build argument 'catkin_skip_building_tests' from command line to 'False'
[1.742s] DEBUG:colcon.colcon_core.verb:Building package 'hello_world_robot' with the following arguments: {'ament_cmake_args': None, 'build_base': '/home/ubuntu/environment/AWS-RoboMaker-HelloWorld-app/robot_ws/build/hello_world_robot', 'catkin_cmake_args': None, 'catkin_skip_building_tests': False, 'cmake_args': None, 'cmake_clean_cache': False, 'cmake_clean_first': False, 'cmake_force_configure': False, 'cmake_target': None, 'cmake_target_skip_unavailable': False, 'install_base': '/home/ubuntu/environment/AWS-RoboMaker-HelloWorld-app/robot_ws/install/hello_world_robot', 'merge_install': False, 'path': '/home/ubuntu/environment/AWS-RoboMaker-HelloWorld-app/robot_ws/src/hello_world_robot', 'symlink_install': False, 'test_result_base': None}
[1.767s] INFO:colcon.colcon_core.executor:Executing jobs using 'parallel' executor
[1.767s] DEBUG:colcon.colcon_parallel_executor.executor.parallel:run_until_complete
[1.768s] INFO:colcon.colcon_ros.task.catkin.build:Building ROS package in '/home/ubuntu/environment/AWS-RoboMaker-HelloWorld-app/robot_ws/src/hello_world_robot' with build type 'catkin'
[1.768s] INFO:colcon.colcon_cmake.task.cmake.build:Building CMake package in '/home/ubuntu/environment/AWS-RoboMaker-HelloWorld-app/robot_ws/src/hello_world_robot'
[1.790s] INFO:colcon.colcon_core.plugin_system:Skipping extension 'colcon_core.shell.bat': Not used on non-Windows systems
[1.791s] INFO:colcon.colcon_core.shell:Skip shell extension 'powershell' for command environment: Not usable outside of PowerShell
[1.802s] WARNING:colcon.colcon_ros.prefix_path.catkin:The path '/opt/ros/kinetic' in the environment variable CMAKE_PREFIX_PATH seems to be a catkin workspace but it doesn't contain any 'local_setup.*' files. Maybe the catkin version is not up-to-date?
[1.810s] DEBUG:colcon.colcon_core.event_handler.log_command:Invoking command in '/home/ubuntu/environment/AWS-RoboMaker-HelloWorld-app/robot_ws/build/hello_world_robot': /usr/bin/cmake /home/ubuntu/environment/AWS-RoboMaker-HelloWorld-app/robot_ws/src/hello_world_robot -DCATKIN_INSTALL_INTO_PREFIX_ROOT=0 -DCMAKE_INSTALL_PREFIX=/home/ubuntu/environment/AWS-RoboMaker-HelloWorld-app/robot_ws/install/hello_world_robot
[13.936s] DEBUG:colcon.colcon_core.event_handler.log_command:Invoked command in '/home/ubuntu/environment/AWS-RoboMaker-HelloWorld-app/robot_ws/build/hello_world_robot' returned '0': /usr/bin/cmake /home/ubuntu/environment/AWS-RoboMaker-HelloWorld-app/robot_ws/src/hello_world_robot -DCATKIN_INSTALL_INTO_PREFIX_ROOT=0 -DCMAKE_INSTALL_PREFIX=/home/ubuntu/environment/AWS-RoboMaker-HelloWorld-app/robot_ws/install/hello_world_robot
[13.940s] DEBUG:colcon.colcon_core.event_handler.log_command:Invoking command in '/home/ubuntu/environment/AWS-RoboMaker-HelloWorld-app/robot_ws/build/hello_world_robot': /usr/bin/cmake --build /home/ubuntu/environment/AWS-RoboMaker-HelloWorld-app/robot_ws/build/hello_world_robot -- -j2 -l2
[13.977s] DEBUG:colcon.colcon_core.event_handler.log_command:Invoked command in '/home/ubuntu/environment/AWS-RoboMaker-HelloWorld-app/robot_ws/build/hello_world_robot' returned '0': /usr/bin/cmake --build /home/ubuntu/environment/AWS-RoboMaker-HelloWorld-app/robot_ws/build/hello_world_robot -- -j2 -l2
[14.014s] DEBUG:colcon.colcon_core.event_handler.log_command:Invoking command in '/home/ubuntu/environment/AWS-RoboMaker-HelloWorld-app/robot_ws/build/hello_world_robot': /usr/bin/cmake --build /home/ubuntu/environment/AWS-RoboMaker-HelloWorld-app/robot_ws/build/hello_world_robot --target tests -- -j2 -l2
[14.078s] DEBUG:colcon.colcon_core.event_handler.log_command:Invoked command in '/home/ubuntu/environment/AWS-RoboMaker-HelloWorld-app/robot_ws/build/hello_world_robot' returned '0': /usr/bin/cmake --build /home/ubuntu/environment/AWS-RoboMaker-HelloWorld-app/robot_ws/build/hello_world_robot --target tests -- -j2 -l2
[14.114s] DEBUG:colcon.colcon_core.event_handler.log_command:Invoking command in '/home/ubuntu/environment/AWS-RoboMaker-HelloWorld-app/robot_ws/build/hello_world_robot': /usr/bin/cmake --build /home/ubuntu/environment/AWS-RoboMaker-HelloWorld-app/robot_ws/build/hello_world_robot --target install
[14.207s] Level 1:colcon.colcon_core.shell:create_environment_hook('hello_world_robot', 'ros_package_path')
[14.215s] INFO:colcon.colcon_core.shell:Creating environment hook '/home/ubuntu/environment/AWS-RoboMaker-HelloWorld-app/robot_ws/install/hello_world_robot/share/hello_world_robot/hook/ros_package_path.ps1'
[14.217s] DEBUG:colcon.colcon_core.event_handler.log_command:Invoked command in '/home/ubuntu/environment/AWS-RoboMaker-HelloWorld-app/robot_ws/build/hello_world_robot' returned '2': /usr/bin/cmake --build /home/ubuntu/environment/AWS-RoboMaker-HelloWorld-app/robot_ws/build/hello_world_robot --target install
[14.218s] INFO:colcon.colcon_core.shell:Creating environment hook '/home/ubuntu/environment/AWS-RoboMaker-HelloWorld-app/robot_ws/install/hello_world_robot/share/hello_world_robot/hook/ros_package_path.sh'
[14.219s] Level 1:colcon.colcon_ros.task.catkin:checking '/home/ubuntu/environment/AWS-RoboMaker-HelloWorld-app/robot_ws/install/hello_world_robot/lib/python2.7/dist-packages'
[14.219s] Level 1:colcon.colcon_core.shell:create_environment_hook('hello_world_robot', 'python2path')
[14.227s] INFO:colcon.colcon_core.shell:Creating environment hook '/home/ubuntu/environment/AWS-RoboMaker-HelloWorld-app/robot_ws/install/hello_world_robot/share/hello_world_robot/hook/python2path.ps1'
[14.227s] INFO:colcon.colcon_core.shell:Creating environment hook '/home/ubuntu/environment/AWS-RoboMaker-HelloWorld-app/robot_ws/install/hello_world_robot/share/hello_world_robot/hook/python2path.sh'
[14.228s] Level 1:colcon.colcon_ros.task.catkin:checking '/home/ubuntu/environment/AWS-RoboMaker-HelloWorld-app/robot_ws/install/hello_world_robot/lib/python2.7/site-packages'
[14.237s] Level 1:colcon.colcon_core.environment:create_environment_scripts_only(hello_world_robot)
[14.261s] Level 1:colcon.colcon_core.environment:checking '/home/ubuntu/environment/AWS-RoboMaker-HelloWorld-app/robot_ws/install/hello_world_robot' for CMake module files
[14.262s] Level 1:colcon.colcon_core.environment:checking '/home/ubuntu/environment/AWS-RoboMaker-HelloWorld-app/robot_ws/install/hello_world_robot' for CMake config files
[14.263s] Level 1:colcon.colcon_core.environment:checking '/home/ubuntu/environment/AWS-RoboMaker-HelloWorld-app/robot_ws/install/hello_world_robot/lib'
[14.263s] Level 1:colcon.colcon_core.environment:checking '/home/ubuntu/environment/AWS-RoboMaker-HelloWorld-app/robot_ws/install/hello_world_robot/bin'
[14.263s] Level 1:colcon.colcon_core.environment:checking '/home/ubuntu/environment/AWS-RoboMaker-HelloWorld-app/robot_ws/install/hello_world_robot/lib/pkgconfig/hello_world_robot.pc'
[14.263s] Level 1:colcon.colcon_core.environment:checking '/home/ubuntu/environment/AWS-RoboMaker-HelloWorld-app/robot_ws/install/hello_world_robot/lib/python3.5/site-packages'
[14.271s] INFO:colcon.colcon_core.shell:Creating package script '/home/ubuntu/environment/AWS-RoboMaker-HelloWorld-app/robot_ws/install/hello_world_robot/share/hello_world_robot/package.ps1'
[14.273s] INFO:colcon.colcon_core.shell:Creating package script '/home/ubuntu/environment/AWS-RoboMaker-HelloWorld-app/robot_ws/install/hello_world_robot/share/hello_world_robot/package.sh'
[14.274s] INFO:colcon.colcon_core.shell:Creating package script '/home/ubuntu/environment/AWS-RoboMaker-HelloWorld-app/robot_ws/install/hello_world_robot/share/hello_world_robot/package.bash'
[14.276s] INFO:colcon.colcon_core.shell:Creating package script '/home/ubuntu/environment/AWS-RoboMaker-HelloWorld-app/robot_ws/install/hello_world_robot/share/hello_world_robot/package.zsh'
[14.278s] Level 1:colcon.colcon_core.environment:create_file_with_runtime_dependencies(/home/ubuntu/environment/AWS-RoboMaker-HelloWorld-app/robot_ws/install/hello_world_robot/share/colcon-core/packages/hello_world_robot)
[14.289s] DEBUG:colcon.colcon_parallel_executor.executor.parallel:closing loop
[14.290s] DEBUG:colcon.colcon_parallel_executor.executor.parallel:loop closed
[14.290s] DEBUG:colcon.colcon_parallel_executor.executor.parallel:run_until_complete finished with '2'
[14.290s] DEBUG:colcon.colcon_core.event_reactor:joining thread
[14.418s] INFO:colcon.colcon_core.plugin_system:Skipping extension 'colcon_notification.desktop_notification.notify_send': Could not find 'notify-send'
[14.418s] INFO:colcon.colcon_core.plugin_system:Skipping extension 'colcon_notification.desktop_notification.terminal_notifier': Not used on non-Darwin systems
[14.418s] INFO:colcon.colcon_core.plugin_system:Skipping extension 'colcon_notification.desktop_notification.win32': Not used on non-Windows systems
[14.418s] INFO:colcon.colcon_notification.desktop_notification:Sending desktop notification using 'notify2'
[14.418s] DEBUG:colcon.colcon_notification.desktop_notification.notify2:Failed to initialize notify2: org.freedesktop.DBus.Error.NotSupported: Unable to autolaunch a dbus-daemon without a $DISPLAY for X11
[14.418s] DEBUG:colcon.colcon_core.event_reactor:joined thread
[14.427s] INFO:colcon.colcon_core.shell:Creating prefix script '/home/ubuntu/environment/AWS-RoboMaker-HelloWorld-app/robot_ws/install/local_setup.ps1'
[14.429s] INFO:colcon.colcon_core.shell:Creating prefix chain script '/home/ubuntu/environment/AWS-RoboMaker-HelloWorld-app/robot_ws/install/setup.ps1'
[14.437s] INFO:colcon.colcon_core.shell:Creating prefix script '/home/ubuntu/environment/AWS-RoboMaker-HelloWorld-app/robot_ws/install/local_setup.sh'
[14.439s] INFO:colcon.colcon_core.shell:Creating prefix chain script '/home/ubuntu/environment/AWS-RoboMaker-HelloWorld-app/robot_ws/install/setup.sh'
[14.447s] INFO:colcon.colcon_core.shell:Creating prefix script '/home/ubuntu/environment/AWS-RoboMaker-HelloWorld-app/robot_ws/install/local_setup.bash'
[14.448s] INFO:colcon.colcon_core.shell:Creating prefix chain script '/home/ubuntu/environment/AWS-RoboMaker-HelloWorld-app/robot_ws/install/setup.bash'
[14.456s] INFO:colcon.colcon_core.shell:Creating prefix script '/home/ubuntu/environment/AWS-RoboMaker-HelloWorld-app/robot_ws/install/local_setup.zsh'
[14.458s] INFO:colcon.colcon_core.shell:Creating prefix chain script '/home/ubuntu/environment/AWS-RoboMaker-HelloWorld-app/robot_ws/install/setup.zsh'
