-- The C compiler identification is GNU 5.4.0
-- The CXX compiler identification is GNU 5.4.0
-- Check for working C compiler: /usr/bin/cc
-- Check for working C compiler: /usr/bin/cc -- works
-- Detecting C compiler ABI info
-- Detecting C compiler ABI info - done
-- Detecting C compile features
-- Detecting C compile features - done
-- Check for working CXX compiler: /usr/bin/c++
-- Check for working CXX compiler: /usr/bin/c++ -- works
-- Detecting CXX compiler ABI info
-- Detecting CXX compiler ABI info - done
-- Detecting CXX compile features
-- Detecting CXX compile features - done
-- Using CATKIN_DEVEL_PREFIX: /home/ubuntu/environment/AWS-RoboMaker-HelloWorld-app/robot_ws/build/hello_world_robot/devel
-- Using CMAKE_PREFIX_PATH: /opt/ros/kinetic
-- This workspace overlays: /opt/ros/kinetic
-- Found PythonInterp: /usr/bin/python (found version "2.7.12") 
-- Using PYTHON_EXECUTABLE: /usr/bin/python
-- Using Debian Python package layout
-- Using empy: /usr/bin/empy
-- Using CATKIN_ENABLE_TESTING: ON
-- Call enable_testing()
-- Using CATKIN_TEST_RESULTS_DIR: /home/ubuntu/environment/AWS-RoboMaker-HelloWorld-app/robot_ws/build/hello_world_robot/test_results
-- Found gmock sources under '/usr/src/gmock': gmock will be built
-- Looking for pthread.h
-- Looking for pthread.h - found
-- Looking for pthread_create
-- Looking for pthread_create - not found
-- Looking for pthread_create in pthreads
-- Looking for pthread_create in pthreads - not found
-- Looking for pthread_create in pthread
-- Looking for pthread_create in pthread - found
-- Found Threads: TRUE  
-- Found gtest sources under '/usr/src/gmock': gtests will be built
-- Using Python nosetests: /usr/bin/nosetests-2.7
-- catkin 0.7.14
-- Configuring done
-- Generating done
-- Build files have been written to: /home/ubuntu/environment/AWS-RoboMaker-HelloWorld-app/robot_ws/build/hello_world_robot
[35m[1mScanning dependencies of target tests[0m
Built target tests
[36mInstall the project...[0m
-- Install configuration: ""
+ cd /home/ubuntu/environment/AWS-RoboMaker-HelloWorld-app/robot_ws/src/hello_world_robot
+ mkdir -p /home/ubuntu/environment/AWS-RoboMaker-HelloWorld-app/robot_ws/install/hello_world_robot/lib/python2.7/dist-packages
+ /usr/bin/env PYTHONPATH=/home/ubuntu/environment/AWS-RoboMaker-HelloWorld-app/robot_ws/install/hello_world_robot/lib/python2.7/dist-packages:/home/ubuntu/environment/AWS-RoboMaker-HelloWorld-app/robot_ws/build/hello_world_robot/lib/python2.7/dist-packages:/opt/ros/kinetic/lib/python2.7/dist-packages CATKIN_BINARY_DIR=/home/ubuntu/environment/AWS-RoboMaker-HelloWorld-app/robot_ws/build/hello_world_robot /usr/bin/python /home/ubuntu/environment/AWS-RoboMaker-HelloWorld-app/robot_ws/src/hello_world_robot/setup.py build --build-base /home/ubuntu/environment/AWS-RoboMaker-HelloWorld-app/robot_ws/build/hello_world_robot install --install-layout=deb --prefix=/home/ubuntu/environment/AWS-RoboMaker-HelloWorld-app/robot_ws/install/hello_world_robot --install-scripts=/home/ubuntu/environment/AWS-RoboMaker-HelloWorld-app/robot_ws/install/hello_world_robot/bin
running build
running build_py
Makefile:61: recipe for target 'install' failed
